mode: set
github.com/dca-bot/core-engine/domain/config/config.go:71.49,88.27 2 1
github.com/dca-bot/core-engine/domain/config/config.go:88.27,90.3 1 1
github.com/dca-bot/core-engine/domain/config/config.go:91.2,91.37 1 1
github.com/dca-bot/core-engine/domain/config/config.go:91.37,93.3 1 1
github.com/dca-bot/core-engine/domain/config/config.go:94.2,94.15 1 1
github.com/dca-bot/core-engine/domain/config/config.go:99.35,100.25 1 1
github.com/dca-bot/core-engine/domain/config/config.go:100.25,102.3 1 1
github.com/dca-bot/core-engine/domain/config/config.go:103.2,103.59 1 1
github.com/dca-bot/core-engine/domain/config/config.go:103.59,109.3 1 1
github.com/dca-bot/core-engine/domain/config/config.go:110.2,111.32 2 1
github.com/dca-bot/core-engine/domain/config/config.go:111.32,113.3 1 1
github.com/dca-bot/core-engine/domain/config/config.go:114.2,114.26 1 1
github.com/dca-bot/core-engine/domain/config/config.go:114.26,116.3 1 1
github.com/dca-bot/core-engine/domain/config/config.go:117.2,118.37 2 1
github.com/dca-bot/core-engine/domain/config/config.go:118.37,120.3 1 1
github.com/dca-bot/core-engine/domain/config/config.go:121.2,121.37 1 1
github.com/dca-bot/core-engine/domain/config/config.go:121.37,123.3 1 1
github.com/dca-bot/core-engine/domain/config/config.go:124.2,124.40 1 1
github.com/dca-bot/core-engine/domain/config/config.go:124.40,126.3 1 0
github.com/dca-bot/core-engine/domain/config/config.go:127.2,127.40 1 1
github.com/dca-bot/core-engine/domain/config/config.go:127.40,129.3 1 0
github.com/dca-bot/core-engine/domain/config/config.go:130.2,130.41 1 1
github.com/dca-bot/core-engine/domain/config/config.go:130.41,132.3 1 0
github.com/dca-bot/core-engine/domain/config/config.go:133.2,133.55 1 1
github.com/dca-bot/core-engine/domain/config/config.go:133.55,135.3 1 0
github.com/dca-bot/core-engine/domain/config/config.go:136.2,136.38 1 1
github.com/dca-bot/core-engine/domain/config/config.go:136.38,138.3 1 1
github.com/dca-bot/core-engine/domain/config/config.go:139.2,139.12 1 1
github.com/dca-bot/core-engine/domain/config/config.go:145.39,145.63 1 1
github.com/dca-bot/core-engine/domain/config/config.go:148.37,148.59 1 1
github.com/dca-bot/core-engine/domain/config/config.go:151.35,151.55 1 1
github.com/dca-bot/core-engine/domain/config/config.go:154.47,154.70 1 1
github.com/dca-bot/core-engine/domain/config/config.go:157.47,157.70 1 1
github.com/dca-bot/core-engine/domain/config/config.go:160.48,160.72 1 1
github.com/dca-bot/core-engine/domain/config/config.go:163.39,163.66 1 1
github.com/dca-bot/core-engine/domain/config/config.go:167.51,167.78 1 1
github.com/dca-bot/core-engine/domain/config/config.go:170.38,170.61 1 1
github.com/dca-bot/core-engine/domain/config/config.go:173.47,173.70 1 1
github.com/dca-bot/core-engine/domain/config/config.go:176.62,176.100 1 1
github.com/dca-bot/core-engine/domain/config/config.go:179.51,179.78 1 1
github.com/dca-bot/core-engine/domain/config/config.go:182.52,182.80 1 1
github.com/dca-bot/core-engine/domain/config/config.go:185.41,185.69 1 1
github.com/dca-bot/core-engine/domain/config/config.go:189.54,189.79 1 1
github.com/dca-bot/core-engine/domain/config/config.go:189.79,189.100 1 1
github.com/dca-bot/core-engine/domain/config/config.go:190.54,190.79 1 1
github.com/dca-bot/core-engine/domain/config/config.go:190.79,190.98 1 1
github.com/dca-bot/core-engine/domain/config/config.go:191.54,191.79 1 1
github.com/dca-bot/core-engine/domain/config/config.go:191.79,191.96 1 1
github.com/dca-bot/core-engine/domain/config/config.go:192.54,192.79 1 1
github.com/dca-bot/core-engine/domain/config/config.go:192.79,192.99 1 1
github.com/dca-bot/core-engine/domain/config/config.go:193.54,193.79 1 1
github.com/dca-bot/core-engine/domain/config/config.go:193.79,193.99 1 1
github.com/dca-bot/core-engine/domain/config/config.go:194.54,194.79 1 1
github.com/dca-bot/core-engine/domain/config/config.go:194.79,194.100 1 1
github.com/dca-bot/core-engine/domain/config/config.go:195.54,195.79 1 1
github.com/dca-bot/core-engine/domain/config/config.go:195.79,195.103 1 1
github.com/dca-bot/core-engine/domain/config/config.go:196.54,196.79 1 1
github.com/dca-bot/core-engine/domain/config/config.go:196.79,196.103 1 1
github.com/dca-bot/core-engine/domain/config/config.go:197.54,197.79 1 1
github.com/dca-bot/core-engine/domain/config/config.go:197.79,197.99 1 1
github.com/dca-bot/core-engine/domain/config/config.go:198.54,198.79 1 1
github.com/dca-bot/core-engine/domain/config/config.go:198.79,198.99 1 1
github.com/dca-bot/core-engine/domain/config/config.go:199.62,200.25 1 1
github.com/dca-bot/core-engine/domain/config/config.go:200.25,200.60 1 1
github.com/dca-bot/core-engine/domain/config/config.go:202.52,202.77 1 1
github.com/dca-bot/core-engine/domain/config/config.go:202.77,202.101 1 1
github.com/dca-bot/core-engine/domain/config/config.go:203.52,203.77 1 1
github.com/dca-bot/core-engine/domain/config/config.go:203.77,203.102 1 1
github.com/dca-bot/core-engine/domain/config/config.go:204.52,204.77 1 1
github.com/dca-bot/core-engine/domain/config/config.go:204.77,204.102 1 1
github.com/dca-bot/core-engine/domain/config/config.go:229.43,246.2 1 1
github.com/dca-bot/core-engine/domain/config/config.go:249.45,251.49 2 1
github.com/dca-bot/core-engine/domain/config/config.go:251.49,253.3 1 0
github.com/dca-bot/core-engine/domain/config/config.go:254.2,269.3 1 1
github.com/dca-bot/core-engine/domain/config/config.go:280.54,281.31 1 1
github.com/dca-bot/core-engine/domain/config/config.go:281.31,282.31 1 1
github.com/dca-bot/core-engine/domain/config/config.go:282.31,284.4 1 0
github.com/dca-bot/core-engine/domain/config/config.go:286.2,286.13 1 1
github.com/dca-bot/core-engine/domain/config/config.go:290.47,291.18 1 0
github.com/dca-bot/core-engine/domain/config/config.go:291.18,293.3 1 0
github.com/dca-bot/core-engine/domain/config/config.go:294.2,294.22 1 0
github.com/dca-bot/core-engine/domain/config/config.go:298.47,299.18 1 0
github.com/dca-bot/core-engine/domain/config/config.go:299.18,301.3 1 0
github.com/dca-bot/core-engine/domain/config/config.go:302.2,302.14 1 0
github.com/dca-bot/core-engine/domain/config/config.go:310.48,312.23 2 1
github.com/dca-bot/core-engine/domain/config/config.go:312.23,314.3 1 1
github.com/dca-bot/core-engine/domain/config/config.go:315.2,315.14 1 1
github.com/dca-bot/core-engine/domain/config/errors.go:15.42,17.2 1 1
github.com/dca-bot/core-engine/domain/config/errors.go:26.51,28.2 1 0
github.com/dca-bot/core-engine/domain/config/errors.go:37.41,39.2 1 0
github.com/dca-bot/core-engine/domain/config/errors.go:48.48,50.2 1 0
github.com/dca-bot/core-engine/domain/config/sequences.go:31.92,32.48 1 1
github.com/dca-bot/core-engine/domain/config/sequences.go:32.48,37.3 1 1
github.com/dca-bot/core-engine/domain/config/sequences.go:39.2,46.25 6 1
github.com/dca-bot/core-engine/domain/config/sequences.go:46.25,53.3 5 1
github.com/dca-bot/core-engine/domain/config/sequences.go:54.2,54.17 1 1
github.com/dca-bot/core-engine/domain/config/sequences.go:67.66,78.19 8 1
github.com/dca-bot/core-engine/domain/config/sequences.go:78.19,80.3 1 1
github.com/dca-bot/core-engine/domain/config/sequences.go:80.8,84.3 2 1
github.com/dca-bot/core-engine/domain/config/sequences.go:86.2,89.25 3 1
github.com/dca-bot/core-engine/domain/config/sequences.go:89.25,93.3 3 1
github.com/dca-bot/core-engine/domain/config/sequences.go:96.2,98.20 3 1
github.com/dca-bot/core-engine/domain/config/sequences.go:98.20,100.3 1 1
github.com/dca-bot/core-engine/domain/config/sequences.go:102.2,102.17 1 1
